Started GET "/" for 127.0.0.1 at 2020-01-09 12:10:22 -0500
DEPRECATION WARNING: ActiveRecord::Base.raise_in_transactional_callbacks= is deprecated, has no effect and will be removed without replacement. (called from block (3 levels) in <class:Railtie> at /Users/robertzahn/.rbenv/versions/2.5.1/lib/ruby/gems/2.5.0/gems/activerecord-5.0.7.2/lib/active_record/railtie.rb:113)
Processing by StaticPagesController#index as HTML
  Rendering static_pages/index.html.erb within layouts/application
  Rendered shared/_main_nav.html.erb (0.3ms)
  Rendered shared/_masthead.html.erb (0.3ms)
  Rendered shared/_sections_nav.html.erb (0.2ms)
  Rendered shared/_search_modal.html.erb (0.2ms)
  Rendered shared/_main_content.html.erb (0.3ms)
  Rendered static_pages/index.html.erb within layouts/application (14.9ms)
Completed 200 OK in 561ms (Views: 558.2ms | ActiveRecord: 0.0ms)


Started GET "/assets/components/modal.self-52188644dbb47def5ee35ae02e69eb567ca9b664472357a8a5789dd39032a265.js?body=1" for 127.0.0.1 at 2020-01-09 12:10:23 -0500
Started GET "/assets/components/sidebar.self-2a1277f850a6fa21e1a974ef5152f177ac05516477d5081d593bb137b3d6808b.js?body=1" for 127.0.0.1 at 2020-01-09 12:10:23 -0500
Started GET "/assets/application.self-f571b9db02bf4ed04c38a6a29072ac382f7d4f47db1fab9817aeadb0d8665235.js?body=1" for 127.0.0.1 at 2020-01-09 12:10:23 -0500
Started GET "/assets/application.self-6dcf12821f1f0baba62eb5bc4a50270bcca5959b78b5c96335c2f57a29fa87b8.css?body=1" for 127.0.0.1 at 2020-01-09 12:10:23 -0500
Started GET "/assets/jquery.self-bd7ddd393353a8d2480a622e80342adf488fb6006d667e8b42e4c0073393abee.js?body=1" for 127.0.0.1 at 2020-01-09 12:10:23 -0500
Started GET "/assets/jquery_ujs.self-784a997f6726036b1993eb2217c9cb558e1cbb801c6da88105588c56f13b466a.js?body=1" for 127.0.0.1 at 2020-01-09 12:10:23 -0500
Started GET "/assets/components/dropdown.self-815016af6fab1d5b72abd319213bf62f0c42bab2c585d2e059543ae704a0d74c.js?body=1" for 127.0.0.1 at 2020-01-09 12:10:23 -0500
Started GET "/" for ::1 at 2020-01-09 12:10:36 -0500
Processing by StaticPagesController#index as HTML
  Rendering static_pages/index.html.erb within layouts/application
  Rendered shared/_main_nav.html.erb (0.3ms)
  Rendered shared/_masthead.html.erb (0.4ms)
  Rendered shared/_sections_nav.html.erb (0.3ms)
  Rendered shared/_search_modal.html.erb (0.4ms)
  Rendered shared/_main_content.html.erb (0.2ms)
  Rendered static_pages/index.html.erb within layouts/application (13.7ms)
Completed 200 OK in 37ms (Views: 34.2ms | ActiveRecord: 0.0ms)


Started GET "/assets/application.self-6dcf12821f1f0baba62eb5bc4a50270bcca5959b78b5c96335c2f57a29fa87b8.css?body=1" for ::1 at 2020-01-09 12:10:36 -0500
Started GET "/assets/components/dropdown.self-815016af6fab1d5b72abd319213bf62f0c42bab2c585d2e059543ae704a0d74c.js?body=1" for ::1 at 2020-01-09 12:10:36 -0500
Started GET "/assets/components/modal.self-52188644dbb47def5ee35ae02e69eb567ca9b664472357a8a5789dd39032a265.js?body=1" for ::1 at 2020-01-09 12:10:36 -0500
Started GET "/assets/jquery.self-bd7ddd393353a8d2480a622e80342adf488fb6006d667e8b42e4c0073393abee.js?body=1" for ::1 at 2020-01-09 12:10:36 -0500
Started GET "/assets/components/sidebar.self-2a1277f850a6fa21e1a974ef5152f177ac05516477d5081d593bb137b3d6808b.js?body=1" for ::1 at 2020-01-09 12:10:36 -0500
Started GET "/assets/jquery_ujs.self-784a997f6726036b1993eb2217c9cb558e1cbb801c6da88105588c56f13b466a.js?body=1" for ::1 at 2020-01-09 12:10:36 -0500
Started GET "/assets/application.self-f571b9db02bf4ed04c38a6a29072ac382f7d4f47db1fab9817aeadb0d8665235.js?body=1" for ::1 at 2020-01-09 12:10:36 -0500
Started GET "/assets/application.self-6dcf12821f1f0baba62eb5bc4a50270bcca5959b78b5c96335c2f57a29fa87b8.css?body=1&livereload=1578595480453" for ::1 at 2020-01-09 13:44:40 -0500
Started GET "/assets/application.self-6dcf12821f1f0baba62eb5bc4a50270bcca5959b78b5c96335c2f57a29fa87b8.css?body=1&livereload=1578595480460" for ::1 at 2020-01-09 13:44:40 -0500
Started GET "/assets/application.self-6dcf12821f1f0baba62eb5bc4a50270bcca5959b78b5c96335c2f57a29fa87b8.css?body=1&livereload=1578595525021" for ::1 at 2020-01-09 13:45:25 -0500
Started GET "/assets/application.self-6dcf12821f1f0baba62eb5bc4a50270bcca5959b78b5c96335c2f57a29fa87b8.css?body=1&livereload=1578595525023" for ::1 at 2020-01-09 13:45:25 -0500
Started GET "/assets/application.self-6dcf12821f1f0baba62eb5bc4a50270bcca5959b78b5c96335c2f57a29fa87b8.css?body=1&livereload=1578595536365" for ::1 at 2020-01-09 13:45:36 -0500
Started GET "/assets/application.self-6dcf12821f1f0baba62eb5bc4a50270bcca5959b78b5c96335c2f57a29fa87b8.css?body=1&livereload=1578595536367" for ::1 at 2020-01-09 13:45:36 -0500
Started GET "/assets/application.self-6dcf12821f1f0baba62eb5bc4a50270bcca5959b78b5c96335c2f57a29fa87b8.css?body=1&livereload=1578595604325" for ::1 at 2020-01-09 13:46:44 -0500
Started GET "/assets/application.self-6dcf12821f1f0baba62eb5bc4a50270bcca5959b78b5c96335c2f57a29fa87b8.css?body=1&livereload=1578595604327" for ::1 at 2020-01-09 13:46:44 -0500
Started GET "/assets/application.self-6dcf12821f1f0baba62eb5bc4a50270bcca5959b78b5c96335c2f57a29fa87b8.css?body=1&livereload=1578595613822" for ::1 at 2020-01-09 13:46:53 -0500
Started GET "/assets/application.self-6dcf12821f1f0baba62eb5bc4a50270bcca5959b78b5c96335c2f57a29fa87b8.css?body=1&livereload=1578595613824" for ::1 at 2020-01-09 13:46:53 -0500
Started GET "/assets/application.self-6dcf12821f1f0baba62eb5bc4a50270bcca5959b78b5c96335c2f57a29fa87b8.css?body=1&livereload=1578595645413" for ::1 at 2020-01-09 13:47:25 -0500
Started GET "/assets/application.self-6dcf12821f1f0baba62eb5bc4a50270bcca5959b78b5c96335c2f57a29fa87b8.css?body=1&livereload=1578595645415" for ::1 at 2020-01-09 13:47:25 -0500
Started GET "/assets/application.self-6dcf12821f1f0baba62eb5bc4a50270bcca5959b78b5c96335c2f57a29fa87b8.css?body=1&livereload=1578595856407" for ::1 at 2020-01-09 13:50:56 -0500
Started GET "/assets/application.self-6dcf12821f1f0baba62eb5bc4a50270bcca5959b78b5c96335c2f57a29fa87b8.css?body=1&livereload=1578595856409" for ::1 at 2020-01-09 13:50:56 -0500
Started GET "/assets/application.self-6dcf12821f1f0baba62eb5bc4a50270bcca5959b78b5c96335c2f57a29fa87b8.css?body=1&livereload=1578595977096" for ::1 at 2020-01-09 13:52:57 -0500
Started GET "/assets/application.self-6dcf12821f1f0baba62eb5bc4a50270bcca5959b78b5c96335c2f57a29fa87b8.css?body=1&livereload=1578595977098" for ::1 at 2020-01-09 13:52:57 -0500
Started GET "/assets/application.self-6dcf12821f1f0baba62eb5bc4a50270bcca5959b78b5c96335c2f57a29fa87b8.css?body=1&livereload=1578596064134" for ::1 at 2020-01-09 13:54:24 -0500
Started GET "/assets/application.self-6dcf12821f1f0baba62eb5bc4a50270bcca5959b78b5c96335c2f57a29fa87b8.css?body=1&livereload=1578596064137" for ::1 at 2020-01-09 13:54:24 -0500
Started GET "/" for 127.0.0.1 at 2020-01-09 13:55:53 -0500
Processing by StaticPagesController#index as HTML
  Rendering static_pages/index.html.erb within layouts/application
  Rendered shared/_main_nav.html.erb (0.2ms)
  Rendered shared/_masthead.html.erb (0.3ms)
  Rendered shared/_sections_nav.html.erb (0.4ms)
  Rendered shared/_search_modal.html.erb (0.2ms)
  Rendered shared/_main_content.html.erb (0.2ms)
  Rendered static_pages/index.html.erb within layouts/application (12.2ms)
Completed 200 OK in 35ms (Views: 32.6ms | ActiveRecord: 0.0ms)


Started GET "/assets/application.self-738e6cb7bcb99c306d777d3b38516da52ab828e1d27791008992148407ee5fb4.css?body=1" for 127.0.0.1 at 2020-01-09 13:55:54 -0500
